# JRE version: OpenJDK Runtime Environment (11.0.12+7) (build 11.0.12+7-b1504.28-7817840)
# Java VM: OpenJDK 64-Bit Server VM (11.0.12+7-b1504.28-7817840, mixed mode, tiered, compressed oops, g1 gc, windows-amd64)
Heap:
 garbage-first heap   total 317440K, used 120323K [0x0000000080000000, 0x0000000100000000)
  region size 1024K, 2 young (2048K), 2 survivors (2048K)
 Metaspace       used 95533K, capacity 98246K, committed 98432K, reserved 1134592K
  class space    used 12215K, capacity 13168K, committed 13184K, reserved 1048576K
GC Heap History (20 events):
Event: 1730.690 GC heap after
{Heap after GC invocations=59 (full 0):
 garbage-first heap   total 129024K, used 115704K [0x0000000080000000, 0x0000000100000000)
  region size 1024K, 1 young (1024K), 1 survivors (1024K)
 Metaspace       used 89907K, capacity 92604K, committed 92800K, reserved 1130496K
  class space    used 11642K, capacity 12612K, committed 12672K, reserved 1048576K
}
Event: 1730.733 GC heap before
{Heap before GC invocations=59 (full 0):
 garbage-first heap   total 129024K, used 116728K [0x0000000080000000, 0x0000000100000000)
  region size 1024K, 4 young (4096K), 1 survivors (1024K)
 Metaspace       used 90297K, capacity 93020K, committed 93056K, reserved 1130496K
  class space    used 11674K, capacity 12644K, committed 12672K, reserved 1048576K
}
Event: 1730.735 GC heap after
{Heap after GC invocations=60 (full 0):
 garbage-first heap   total 129024K, used 116135K [0x0000000080000000, 0x0000000100000000)
  region size 1024K, 1 young (1024K), 1 survivors (1024K)
 Metaspace       used 90297K, capacity 93020K, committed 93056K, reserved 1130496K
  class space    used 11674K, capacity 12644K, committed 12672K, reserved 1048576K
}
Event: 1730.923 GC heap before
{Heap before GC invocations=61 (full 0):
 garbage-first heap   total 129024K, used 122279K [0x0000000080000000, 0x0000000100000000)
  region size 1024K, 6 young (6144K), 1 survivors (1024K)
 Metaspace       used 91356K, capacity 94045K, committed 94208K, reserved 1130496K
  class space    used 11721K, capacity 12708K, committed 12800K, reserved 1048576K
}
Event: 1730.925 GC heap after
{Heap after GC invocations=62 (full 0):
 garbage-first heap   total 129024K, used 115691K [0x0000000080000000, 0x0000000100000000)
  region size 1024K, 1 young (1024K), 1 survivors (1024K)
 Metaspace       used 91356K, capacity 94045K, committed 94208K, reserved 1130496K
  class space    used 11721K, capacity 12708K, committed 12800K, reserved 1048576K
}
Event: 1730.994 GC heap before
{Heap before GC invocations=62 (full 0):
 garbage-first heap   total 129024K, used 120811K [0x0000000080000000, 0x0000000100000000)
  region size 1024K, 6 young (6144K), 1 survivors (1024K)
 Metaspace       used 91669K, capacity 94340K, committed 94464K, reserved 1130496K
  class space    used 11760K, capacity 12742K, committed 12800K, reserved 1048576K
}
Event: 1730.996 GC heap after
{Heap after GC invocations=63 (full 0):
 garbage-first heap   total 129024K, used 115763K [0x0000000080000000, 0x0000000100000000)
  region size 1024K, 1 young (1024K), 1 survivors (1024K)
 Metaspace       used 91669K, capacity 94340K, committed 94464K, reserved 1130496K
  class space    used 11760K, capacity 12742K, committed 12800K, reserved 1048576K
}
Event: 1731.322 GC heap before
{Heap before GC invocations=64 (full 0):
 garbage-first heap   total 129024K, used 120883K [0x0000000080000000, 0x0000000100000000)
  region size 1024K, 6 young (6144K), 1 survivors (1024K)
 Metaspace       used 92380K, capacity 95012K, committed 95104K, reserved 1132544K
  class space    used 11862K, capacity 12838K, committed 12928K, reserved 1048576K
}
Event: 1731.326 GC heap after
{Heap after GC invocations=65 (full 0):
 garbage-first heap   total 129024K, used 116040K [0x0000000080000000, 0x0000000100000000)
  region size 1024K, 1 young (1024K), 1 survivors (1024K)
 Metaspace       used 92380K, capacity 95012K, committed 95104K, reserved 1132544K
  class space    used 11862K, capacity 12838K, committed 12928K, reserved 1048576K
}
Event: 1731.745 GC heap before
{Heap before GC invocations=65 (full 0):
 garbage-first heap   total 129024K, used 120136K [0x0000000080000000, 0x0000000100000000)
  region size 1024K, 6 young (6144K), 1 survivors (1024K)
 Metaspace       used 92766K, capacity 95443K, committed 95616K, reserved 1132544K
  class space    used 11904K, capacity 12874K, committed 12928K, reserved 1048576K
}
Event: 1731.747 GC heap after
{Heap after GC invocations=66 (full 0):
 garbage-first heap   total 129024K, used 116680K [0x0000000080000000, 0x0000000100000000)
  region size 1024K, 1 young (1024K), 1 survivors (1024K)
 Metaspace       used 92766K, capacity 95443K, committed 95616K, reserved 1132544K
  class space    used 11904K, capacity 12874K, committed 12928K, reserved 1048576K
}
Event: 1731.982 GC heap before
{Heap before GC invocations=67 (full 0):
 garbage-first heap   total 129024K, used 120776K [0x0000000080000000, 0x0000000100000000)
  region size 1024K, 6 young (6144K), 1 survivors (1024K)
 Metaspace       used 93650K, capacity 96382K, committed 96512K, reserved 1132544K
  class space    used 12000K, capacity 12973K, committed 13056K, reserved 1048576K
}
Event: 1732.052 GC heap after
{Heap after GC invocations=68 (full 0):
 garbage-first heap   total 155648K, used 117018K [0x0000000080000000, 0x0000000100000000)
  region size 1024K, 1 young (1024K), 1 survivors (1024K)
 Metaspace       used 93650K, capacity 96382K, committed 96512K, reserved 1132544K
  class space    used 12000K, capacity 12973K, committed 13056K, reserved 1048576K
}
Event: 1732.316 GC heap before
{Heap before GC invocations=68 (full 0):
 garbage-first heap   total 155648K, used 126234K [0x0000000080000000, 0x0000000100000000)
  region size 1024K, 11 young (11264K), 1 survivors (1024K)
 Metaspace       used 94855K, capacity 97584K, committed 97920K, reserved 1134592K
  class space    used 12122K, capacity 13075K, committed 13184K, reserved 1048576K
}
Event: 1732.320 GC heap after
{Heap after GC invocations=69 (full 0):
 garbage-first heap   total 155648K, used 117647K [0x0000000080000000, 0x0000000100000000)
  region size 1024K, 1 young (1024K), 1 survivors (1024K)
 Metaspace       used 94855K, capacity 97584K, committed 97920K, reserved 1134592K
  class space    used 12122K, capacity 13075K, committed 13184K, reserved 1048576K
}
Event: 1732.633 GC heap before
{Heap before GC invocations=70 (full 0):
 garbage-first heap   total 155648K, used 127887K [0x0000000080000000, 0x0000000100000000)
  region size 1024K, 12 young (12288K), 1 survivors (1024K)
 Metaspace       used 94955K, capacity 97659K, committed 97920K, reserved 1134592K
  class space    used 12131K, capacity 13079K, committed 13184K, reserved 1048576K
}
Event: 1732.637 GC heap after
{Heap after GC invocations=71 (full 0):
 garbage-first heap   total 155648K, used 118821K [0x0000000080000000, 0x0000000100000000)
  region size 1024K, 2 young (2048K), 2 survivors (2048K)
 Metaspace       used 94955K, capacity 97659K, committed 97920K, reserved 1134592K
  class space    used 12131K, capacity 13079K, committed 13184K, reserved 1048576K
}
Event: 1733.110 GC heap before
{Heap before GC invocations=71 (full 0):
 garbage-first heap   total 155648K, used 128037K [0x0000000080000000, 0x0000000100000000)
  region size 1024K, 12 young (12288K), 2 survivors (2048K)
 Metaspace       used 95434K, capacity 98105K, committed 98176K, reserved 1134592K
  class space    used 12205K, capacity 13164K, committed 13184K, reserved 1048576K
}
Event: 1733.125 GC heap after
{Heap after GC invocations=72 (full 0):
 garbage-first heap   total 155648K, used 119670K [0x0000000080000000, 0x0000000100000000)
  region size 1024K, 1 young (1024K), 1 survivors (1024K)
 Metaspace       used 95434K, capacity 98105K, committed 98176K, reserved 1134592K
  class space    used 12205K, capacity 13164K, committed 13184K, reserved 1048576K
}
Event: 1733.316 GC heap before
{Heap before GC invocations=73 (full 0):
 garbage-first heap   total 155648K, used 129910K [0x0000000080000000, 0x0000000100000000)
  region size 1024K, 12 young (12288K), 1 survivors (1024K)
 Metaspace       used 95533K, capacity 98246K, committed 98432K, reserved 1134592K
  class space    used 12215K, capacity 13168K, committed 13184K, reserved 1048576K
}

