# JRE version: OpenJDK Runtime Environment (11.0.12+7) (build 11.0.12+7-b1504.28-7817840)
# Java VM: OpenJDK 64-Bit Server VM (11.0.12+7-b1504.28-7817840, mixed mode, tiered, compressed oops, g1 gc, windows-amd64)
Heap:
 garbage-first heap   total 360448K, used 220718K [0x0000000080000000, 0x0000000100000000)
  region size 1024K, 61 young (62464K), 1 survivors (1024K)
 Metaspace       used 155612K, capacity 160894K, committed 163184K, reserved 1191936K
  class space    used 18983K, capacity 20960K, committed 21528K, reserved 1048576K
GC Heap History (20 events):
Event: 4803.089 GC heap before
{Heap before GC invocations=186 (full 0):
 garbage-first heap   total 360448K, used 209920K [0x0000000080000000, 0x0000000100000000)
  region size 1024K, 40 young (40960K), 1 survivors (1024K)
 Metaspace       used 155247K, capacity 160738K, committed 163184K, reserved 1191936K
  class space    used 19017K, capacity 21051K, committed 21528K, reserved 1048576K
}
Event: 4803.145 GC heap after
{Heap after GC invocations=187 (full 0):
 garbage-first heap   total 360448K, used 175839K [0x0000000080000000, 0x0000000100000000)
  region size 1024K, 5 young (5120K), 5 survivors (5120K)
 Metaspace       used 155247K, capacity 160738K, committed 163184K, reserved 1191936K
  class space    used 19017K, capacity 21051K, committed 21528K, reserved 1048576K
}
Event: 4804.400 GC heap before
{Heap before GC invocations=188 (full 0):
 garbage-first heap   total 360448K, used 263903K [0x0000000080000000, 0x0000000100000000)
  region size 1024K, 91 young (93184K), 5 survivors (5120K)
 Metaspace       used 155576K, capacity 161104K, committed 163184K, reserved 1191936K
  class space    used 19039K, capacity 21089K, committed 21528K, reserved 1048576K
}
Event: 4804.417 GC heap after
{Heap after GC invocations=189 (full 0):
 garbage-first heap   total 360448K, used 187179K [0x0000000080000000, 0x0000000100000000)
  region size 1024K, 12 young (12288K), 12 survivors (12288K)
 Metaspace       used 155576K, capacity 161104K, committed 163184K, reserved 1191936K
  class space    used 19039K, capacity 21089K, committed 21528K, reserved 1048576K
}
Event: 4804.468 GC heap before
{Heap before GC invocations=189 (full 0):
 garbage-first heap   total 360448K, used 192299K [0x0000000080000000, 0x0000000100000000)
  region size 1024K, 17 young (17408K), 12 survivors (12288K)
 Metaspace       used 155578K, capacity 161104K, committed 163184K, reserved 1191936K
  class space    used 19039K, capacity 21089K, committed 21528K, reserved 1048576K
}
Event: 4804.492 GC heap after
{Heap after GC invocations=190 (full 0):
 garbage-first heap   total 360448K, used 176467K [0x0000000080000000, 0x0000000100000000)
  region size 1024K, 2 young (2048K), 2 survivors (2048K)
 Metaspace       used 155578K, capacity 161104K, committed 163184K, reserved 1191936K
  class space    used 19039K, capacity 21089K, committed 21528K, reserved 1048576K
}
Event: 4805.632 GC heap before
{Heap before GC invocations=190 (full 0):
 garbage-first heap   total 360448K, used 249171K [0x0000000080000000, 0x0000000100000000)
  region size 1024K, 75 young (76800K), 2 survivors (2048K)
 Metaspace       used 155837K, capacity 161367K, committed 163184K, reserved 1191936K
  class space    used 19039K, capacity 21089K, committed 21528K, reserved 1048576K
}
Event: 4805.643 GC heap after
{Heap after GC invocations=191 (full 0):
 garbage-first heap   total 360448K, used 177561K [0x0000000080000000, 0x0000000100000000)
  region size 1024K, 3 young (3072K), 3 survivors (3072K)
 Metaspace       used 155837K, capacity 161367K, committed 163184K, reserved 1191936K
  class space    used 19039K, capacity 21089K, committed 21528K, reserved 1048576K
}
Event: 4806.051 GC heap before
{Heap before GC invocations=192 (full 0):
 garbage-first heap   total 360448K, used 274841K [0x0000000080000000, 0x0000000100000000)
  region size 1024K, 98 young (100352K), 3 survivors (3072K)
 Metaspace       used 155888K, capacity 161381K, committed 163184K, reserved 1191936K
  class space    used 19040K, capacity 21090K, committed 21528K, reserved 1048576K
}
Event: 4806.063 GC heap after
{Heap after GC invocations=193 (full 0):
 garbage-first heap   total 360448K, used 187176K [0x0000000080000000, 0x0000000100000000)
  region size 1024K, 13 young (13312K), 13 survivors (13312K)
 Metaspace       used 155888K, capacity 161381K, committed 163184K, reserved 1191936K
  class space    used 19040K, capacity 21090K, committed 21528K, reserved 1048576K
}
Event: 4806.081 GC heap before
{Heap before GC invocations=193 (full 0):
 garbage-first heap   total 360448K, used 190248K [0x0000000080000000, 0x0000000100000000)
  region size 1024K, 17 young (17408K), 13 survivors (13312K)
 Metaspace       used 155888K, capacity 161381K, committed 163184K, reserved 1191936K
  class space    used 19040K, capacity 21090K, committed 21528K, reserved 1048576K
}
Event: 4806.104 GC heap after
{Heap after GC invocations=194 (full 0):
 garbage-first heap   total 360448K, used 180133K [0x0000000080000000, 0x0000000100000000)
  region size 1024K, 2 young (2048K), 2 survivors (2048K)
 Metaspace       used 155888K, capacity 161381K, committed 163184K, reserved 1191936K
  class space    used 19040K, capacity 21090K, committed 21528K, reserved 1048576K
}
Event: 4806.131 GC heap before
{Heap before GC invocations=194 (full 0):
 garbage-first heap   total 360448K, used 186277K [0x0000000080000000, 0x0000000100000000)
  region size 1024K, 10 young (10240K), 2 survivors (2048K)
 Metaspace       used 155888K, capacity 161381K, committed 163184K, reserved 1191936K
  class space    used 19040K, capacity 21090K, committed 21528K, reserved 1048576K
}
Event: 4806.137 GC heap after
{Heap after GC invocations=195 (full 0):
 garbage-first heap   total 360448K, used 180384K [0x0000000080000000, 0x0000000100000000)
  region size 1024K, 3 young (3072K), 3 survivors (3072K)
 Metaspace       used 155888K, capacity 161381K, committed 163184K, reserved 1191936K
  class space    used 19040K, capacity 21090K, committed 21528K, reserved 1048576K
}
Event: 6729.807 GC heap before
{Heap before GC invocations=196 (full 0):
 garbage-first heap   total 360448K, used 292000K [0x0000000080000000, 0x0000000100000000)
  region size 1024K, 101 young (103424K), 3 survivors (3072K)
 Metaspace       used 155744K, capacity 161217K, committed 163184K, reserved 1191936K
  class space    used 19017K, capacity 21050K, committed 21528K, reserved 1048576K
}
Event: 6730.011 GC heap after
{Heap after GC invocations=197 (full 0):
 garbage-first heap   total 360448K, used 177566K [0x0000000080000000, 0x0000000100000000)
  region size 1024K, 1 young (1024K), 1 survivors (1024K)
 Metaspace       used 155744K, capacity 161217K, committed 163184K, reserved 1191936K
  class space    used 19017K, capacity 21050K, committed 21528K, reserved 1048576K
}
Event: 7487.709 GC heap before
{Heap before GC invocations=197 (full 0):
 garbage-first heap   total 360448K, used 193950K [0x0000000080000000, 0x0000000100000000)
  region size 1024K, 17 young (17408K), 1 survivors (1024K)
 Metaspace       used 155744K, capacity 161217K, committed 163184K, reserved 1191936K
  class space    used 19018K, capacity 21050K, committed 21528K, reserved 1048576K
}
Event: 7488.035 GC heap after
{Heap after GC invocations=198 (full 0):
 garbage-first heap   total 360448K, used 160325K [0x0000000080000000, 0x0000000100000000)
  region size 1024K, 1 young (1024K), 1 survivors (1024K)
 Metaspace       used 155744K, capacity 161217K, committed 163184K, reserved 1191936K
  class space    used 19018K, capacity 21050K, committed 21528K, reserved 1048576K
}
Event: 11957.270 GC heap before
{Heap before GC invocations=198 (full 0):
 garbage-first heap   total 360448K, used 252485K [0x0000000080000000, 0x0000000100000000)
  region size 1024K, 91 young (93184K), 1 survivors (1024K)
 Metaspace       used 155744K, capacity 161217K, committed 163184K, reserved 1191936K
  class space    used 19018K, capacity 21050K, committed 21528K, reserved 1048576K
}
Event: 11957.442 GC heap after
{Heap after GC invocations=199 (full 0):
 garbage-first heap   total 360448K, used 160302K [0x0000000080000000, 0x0000000100000000)
  region size 1024K, 1 young (1024K), 1 survivors (1024K)
 Metaspace       used 155744K, capacity 161217K, committed 163184K, reserved 1191936K
  class space    used 19018K, capacity 21050K, committed 21528K, reserved 1048576K
}

