# JRE version: OpenJDK Runtime Environment (11.0.12+7) (build 11.0.12+7-b1504.28-7817840)
# Java VM: OpenJDK 64-Bit Server VM (11.0.12+7-b1504.28-7817840, mixed mode, tiered, compressed oops, g1 gc, windows-amd64)
Heap:
 garbage-first heap   total 828416K, used 194781K [0x0000000080000000, 0x0000000100000000)
  region size 1024K, 11 young (11264K), 11 survivors (11264K)
 Metaspace       used 147932K, capacity 152390K, committed 152648K, reserved 1181696K
  class space    used 18451K, capacity 20106K, committed 20224K, reserved 1048576K
GC Heap History (20 events):
Event: 967.486 GC heap after
{Heap after GC invocations=123 (full 0):
 garbage-first heap   total 257024K, used 124570K [0x0000000080000000, 0x0000000100000000)
  region size 1024K, 3 young (3072K), 3 survivors (3072K)
 Metaspace       used 146325K, capacity 150693K, committed 150728K, reserved 1179648K
  class space    used 18435K, capacity 20061K, committed 20096K, reserved 1048576K
}
Event: 967.739 GC heap before
{Heap before GC invocations=124 (full 0):
 garbage-first heap   total 257024K, used 188058K [0x0000000080000000, 0x0000000100000000)
  region size 1024K, 66 young (67584K), 3 survivors (3072K)
 Metaspace       used 146502K, capacity 150907K, committed 150984K, reserved 1179648K
  class space    used 18441K, capacity 20067K, committed 20096K, reserved 1048576K
}
Event: 967.745 GC heap after
{Heap after GC invocations=125 (full 0):
 garbage-first heap   total 257024K, used 127758K [0x0000000080000000, 0x0000000100000000)
  region size 1024K, 6 young (6144K), 6 survivors (6144K)
 Metaspace       used 146502K, capacity 150907K, committed 150984K, reserved 1179648K
  class space    used 18441K, capacity 20067K, committed 20096K, reserved 1048576K
}
Event: 967.973 GC heap before
{Heap before GC invocations=125 (full 0):
 garbage-first heap   total 257024K, used 193294K [0x0000000080000000, 0x0000000100000000)
  region size 1024K, 71 young (72704K), 6 survivors (6144K)
 Metaspace       used 146679K, capacity 151080K, committed 151368K, reserved 1181696K
  class space    used 18449K, capacity 20102K, committed 20224K, reserved 1048576K
}
Event: 968.000 GC heap after
{Heap after GC invocations=126 (full 0):
 garbage-first heap   total 257024K, used 128958K [0x0000000080000000, 0x0000000100000000)
  region size 1024K, 6 young (6144K), 6 survivors (6144K)
 Metaspace       used 146679K, capacity 151080K, committed 151368K, reserved 1181696K
  class space    used 18449K, capacity 20102K, committed 20224K, reserved 1048576K
}
Event: 968.288 GC heap before
{Heap before GC invocations=126 (full 0):
 garbage-first heap   total 257024K, used 196542K [0x0000000080000000, 0x0000000100000000)
  region size 1024K, 73 young (74752K), 6 survivors (6144K)
 Metaspace       used 146956K, capacity 151344K, committed 151624K, reserved 1181696K
  class space    used 18449K, capacity 20101K, committed 20224K, reserved 1048576K
}
Event: 968.299 GC heap after
{Heap after GC invocations=127 (full 0):
 garbage-first heap   total 257024K, used 129344K [0x0000000080000000, 0x0000000100000000)
  region size 1024K, 5 young (5120K), 5 survivors (5120K)
 Metaspace       used 146956K, capacity 151344K, committed 151624K, reserved 1181696K
  class space    used 18449K, capacity 20101K, committed 20224K, reserved 1048576K
}
Event: 968.442 GC heap before
{Heap before GC invocations=128 (full 0):
 garbage-first heap   total 257024K, used 198976K [0x0000000080000000, 0x0000000100000000)
  region size 1024K, 74 young (75776K), 5 survivors (5120K)
 Metaspace       used 146988K, capacity 151412K, committed 151624K, reserved 1181696K
  class space    used 18449K, capacity 20102K, committed 20224K, reserved 1048576K
}
Event: 968.448 GC heap after
{Heap after GC invocations=129 (full 0):
 garbage-first heap   total 257024K, used 128471K [0x0000000080000000, 0x0000000100000000)
  region size 1024K, 4 young (4096K), 4 survivors (4096K)
 Metaspace       used 146988K, capacity 151412K, committed 151624K, reserved 1181696K
  class space    used 18449K, capacity 20102K, committed 20224K, reserved 1048576K
}
Event: 968.740 GC heap before
{Heap before GC invocations=129 (full 0):
 garbage-first heap   total 257024K, used 202199K [0x0000000080000000, 0x0000000100000000)
  region size 1024K, 77 young (78848K), 4 survivors (4096K)
 Metaspace       used 147421K, capacity 151884K, committed 152136K, reserved 1181696K
  class space    used 18449K, capacity 20102K, committed 20224K, reserved 1048576K
}
Event: 968.748 GC heap after
{Heap after GC invocations=130 (full 0):
 garbage-first heap   total 257024K, used 133124K [0x0000000080000000, 0x0000000100000000)
  region size 1024K, 8 young (8192K), 8 survivors (8192K)
 Metaspace       used 147421K, capacity 151884K, committed 152136K, reserved 1181696K
  class space    used 18449K, capacity 20102K, committed 20224K, reserved 1048576K
}
Event: 968.957 GC heap before
{Heap before GC invocations=130 (full 0):
 garbage-first heap   total 257024K, used 207876K [0x0000000080000000, 0x0000000100000000)
  region size 1024K, 80 young (81920K), 8 survivors (8192K)
 Metaspace       used 147645K, capacity 152093K, committed 152392K, reserved 1181696K
  class space    used 18449K, capacity 20102K, committed 20224K, reserved 1048576K
}
Event: 968.988 GC heap after
{Heap after GC invocations=131 (full 0):
 garbage-first heap   total 326656K, used 148403K [0x0000000080000000, 0x0000000100000000)
  region size 1024K, 10 young (10240K), 10 survivors (10240K)
 Metaspace       used 147645K, capacity 152093K, committed 152392K, reserved 1181696K
  class space    used 18449K, capacity 20102K, committed 20224K, reserved 1048576K
}
Event: 969.298 GC heap before
{Heap before GC invocations=132 (full 0):
 garbage-first heap   total 326656K, used 246707K [0x0000000080000000, 0x0000000100000000)
  region size 1024K, 107 young (109568K), 10 survivors (10240K)
 Metaspace       used 147684K, capacity 152167K, committed 152392K, reserved 1181696K
  class space    used 18450K, capacity 20103K, committed 20224K, reserved 1048576K
}
Event: 969.376 GC heap after
{Heap after GC invocations=133 (full 0):
 garbage-first heap   total 326656K, used 164365K [0x0000000080000000, 0x0000000100000000)
  region size 1024K, 14 young (14336K), 14 survivors (14336K)
 Metaspace       used 147684K, capacity 152167K, committed 152392K, reserved 1181696K
  class space    used 18450K, capacity 20103K, committed 20224K, reserved 1048576K
}
Event: 969.515 GC heap before
{Heap before GC invocations=133 (full 0):
 garbage-first heap   total 326656K, used 253453K [0x0000000080000000, 0x0000000100000000)
  region size 1024K, 101 young (103424K), 14 survivors (14336K)
 Metaspace       used 147753K, capacity 152236K, committed 152392K, reserved 1181696K
  class space    used 18450K, capacity 20104K, committed 20224K, reserved 1048576K
}
Event: 969.592 GC heap after
{Heap after GC invocations=134 (full 0):
 garbage-first heap   total 326656K, used 175964K [0x0000000080000000, 0x0000000100000000)
  region size 1024K, 12 young (12288K), 12 survivors (12288K)
 Metaspace       used 147753K, capacity 152236K, committed 152392K, reserved 1181696K
  class space    used 18450K, capacity 20104K, committed 20224K, reserved 1048576K
}
Event: 969.776 GC heap before
{Heap before GC invocations=134 (full 0):
 garbage-first heap   total 326656K, used 258908K [0x0000000080000000, 0x0000000100000000)
  region size 1024K, 93 young (95232K), 12 survivors (12288K)
 Metaspace       used 147892K, capacity 152324K, committed 152648K, reserved 1181696K
  class space    used 18451K, capacity 20106K, committed 20224K, reserved 1048576K
}
Event: 969.802 GC heap after
{Heap after GC invocations=135 (full 0):
 garbage-first heap   total 326656K, used 184475K [0x0000000080000000, 0x0000000100000000)
  region size 1024K, 10 young (10240K), 10 survivors (10240K)
 Metaspace       used 147892K, capacity 152324K, committed 152648K, reserved 1181696K
  class space    used 18451K, capacity 20106K, committed 20224K, reserved 1048576K
}
Event: 969.946 GC heap before
{Heap before GC invocations=135 (full 0):
 garbage-first heap   total 326656K, used 263323K [0x0000000080000000, 0x0000000100000000)
  region size 1024K, 88 young (90112K), 10 survivors (10240K)
 Metaspace       used 147932K, capacity 152390K, committed 152648K, reserved 1181696K
  class space    used 18451K, capacity 20106K, committed 20224K, reserved 1048576K
}

