# JRE version: OpenJDK Runtime Environment (11.0.12+7) (build 11.0.12+7-b1504.28-7817840)
# Java VM: OpenJDK 64-Bit Server VM (11.0.12+7-b1504.28-7817840, mixed mode, tiered, compressed oops, g1 gc, windows-amd64)
Heap:
 garbage-first heap   total 288768K, used 255045K [0x0000000080000000, 0x0000000100000000)
  region size 1024K, 11 young (11264K), 2 survivors (2048K)
 Metaspace       used 154264K, capacity 160148K, committed 160472K, reserved 1187840K
  class space    used 19483K, capacity 21649K, committed 21720K, reserved 1048576K
GC Heap History (20 events):
Event: 9103.707 GC heap before
{Heap before GC invocations=183 (full 0):
 garbage-first heap   total 288768K, used 246868K [0x0000000080000000, 0x0000000100000000)
  region size 1024K, 43 young (44032K), 6 survivors (6144K)
 Metaspace       used 153514K, capacity 159358K, committed 159576K, reserved 1187840K
  class space    used 19412K, capacity 21532K, committed 21592K, reserved 1048576K
}
Event: 9103.747 GC heap after
{Heap after GC invocations=184 (full 0):
 garbage-first heap   total 288768K, used 210940K [0x0000000080000000, 0x0000000100000000)
  region size 1024K, 5 young (5120K), 5 survivors (5120K)
 Metaspace       used 153514K, capacity 159358K, committed 159576K, reserved 1187840K
  class space    used 19412K, capacity 21532K, committed 21592K, reserved 1048576K
}
Event: 9104.755 GC heap before
{Heap before GC invocations=184 (full 0):
 garbage-first heap   total 288768K, used 246780K [0x0000000080000000, 0x0000000100000000)
  region size 1024K, 41 young (41984K), 5 survivors (5120K)
 Metaspace       used 153626K, capacity 159472K, committed 159704K, reserved 1187840K
  class space    used 19420K, capacity 21570K, committed 21720K, reserved 1048576K
}
Event: 9104.775 GC heap after
{Heap after GC invocations=185 (full 0):
 garbage-first heap   total 288768K, used 220435K [0x0000000080000000, 0x0000000100000000)
  region size 1024K, 6 young (6144K), 6 survivors (6144K)
 Metaspace       used 153626K, capacity 159472K, committed 159704K, reserved 1187840K
  class space    used 19420K, capacity 21570K, committed 21720K, reserved 1048576K
}
Event: 9243.620 GC heap before
{Heap before GC invocations=185 (full 0):
 garbage-first heap   total 288768K, used 246035K [0x0000000080000000, 0x0000000100000000)
  region size 1024K, 32 young (32768K), 6 survivors (6144K)
 Metaspace       used 153701K, capacity 159671K, committed 159960K, reserved 1187840K
  class space    used 19430K, capacity 21588K, committed 21720K, reserved 1048576K
}
Event: 9243.690 GC heap after
{Heap after GC invocations=186 (full 0):
 garbage-first heap   total 288768K, used 222956K [0x0000000080000000, 0x0000000100000000)
  region size 1024K, 2 young (2048K), 2 survivors (2048K)
 Metaspace       used 153701K, capacity 159671K, committed 159960K, reserved 1187840K
  class space    used 19430K, capacity 21588K, committed 21720K, reserved 1048576K
}
Event: 9399.317 GC heap before
{Heap before GC invocations=186 (full 0):
 garbage-first heap   total 288768K, used 247532K [0x0000000080000000, 0x0000000100000000)
  region size 1024K, 27 young (27648K), 2 survivors (2048K)
 Metaspace       used 153723K, capacity 159686K, committed 159960K, reserved 1187840K
  class space    used 19434K, capacity 21593K, committed 21720K, reserved 1048576K
}
Event: 9399.368 GC heap after
{Heap after GC invocations=187 (full 0):
 garbage-first heap   total 288768K, used 225428K [0x0000000080000000, 0x0000000100000000)
  region size 1024K, 4 young (4096K), 4 survivors (4096K)
 Metaspace       used 153723K, capacity 159686K, committed 159960K, reserved 1187840K
  class space    used 19434K, capacity 21593K, committed 21720K, reserved 1048576K
}
Event: 9399.774 GC heap before
{Heap before GC invocations=187 (full 0):
 garbage-first heap   total 288768K, used 250004K [0x0000000080000000, 0x0000000100000000)
  region size 1024K, 28 young (28672K), 4 survivors (4096K)
 Metaspace       used 153776K, capacity 159694K, committed 159960K, reserved 1187840K
  class space    used 19434K, capacity 21593K, committed 21720K, reserved 1048576K
}
Event: 9399.807 GC heap after
{Heap after GC invocations=188 (full 0):
 garbage-first heap   total 288768K, used 233919K [0x0000000080000000, 0x0000000100000000)
  region size 1024K, 4 young (4096K), 4 survivors (4096K)
 Metaspace       used 153776K, capacity 159694K, committed 159960K, reserved 1187840K
  class space    used 19434K, capacity 21593K, committed 21720K, reserved 1048576K
}
Event: 9400.355 GC heap before
{Heap before GC invocations=188 (full 0):
 garbage-first heap   total 288768K, used 249279K [0x0000000080000000, 0x0000000100000000)
  region size 1024K, 20 young (20480K), 4 survivors (4096K)
 Metaspace       used 153802K, capacity 159759K, committed 159960K, reserved 1187840K
  class space    used 19434K, capacity 21593K, committed 21720K, reserved 1048576K
}
Event: 9400.366 GC heap after
{Heap after GC invocations=189 (full 0):
 garbage-first heap   total 288768K, used 236500K [0x0000000080000000, 0x0000000100000000)
  region size 1024K, 2 young (2048K), 2 survivors (2048K)
 Metaspace       used 153802K, capacity 159759K, committed 159960K, reserved 1187840K
  class space    used 19434K, capacity 21593K, committed 21720K, reserved 1048576K
}
Event: 9401.650 GC heap before
{Heap before GC invocations=189 (full 0):
 garbage-first heap   total 288768K, used 253908K [0x0000000080000000, 0x0000000100000000)
  region size 1024K, 17 young (17408K), 2 survivors (2048K)
 Metaspace       used 153806K, capacity 159759K, committed 159960K, reserved 1187840K
  class space    used 19434K, capacity 21593K, committed 21720K, reserved 1048576K
}
Event: 9401.657 GC heap after
{Heap after GC invocations=190 (full 0):
 garbage-first heap   total 288768K, used 243028K [0x0000000080000000, 0x0000000100000000)
  region size 1024K, 3 young (3072K), 3 survivors (3072K)
 Metaspace       used 153806K, capacity 159759K, committed 159960K, reserved 1187840K
  class space    used 19434K, capacity 21593K, committed 21720K, reserved 1048576K
}
Event: 9403.123 GC heap before
{Heap before GC invocations=190 (full 0):
 garbage-first heap   total 288768K, used 253268K [0x0000000080000000, 0x0000000100000000)
  region size 1024K, 14 young (14336K), 3 survivors (3072K)
 Metaspace       used 153939K, capacity 159824K, committed 159960K, reserved 1187840K
  class space    used 19450K, capacity 21609K, committed 21720K, reserved 1048576K
}
Event: 9403.129 GC heap after
{Heap after GC invocations=191 (full 0):
 garbage-first heap   total 288768K, used 244336K [0x0000000080000000, 0x0000000100000000)
  region size 1024K, 2 young (2048K), 2 survivors (2048K)
 Metaspace       used 153939K, capacity 159824K, committed 159960K, reserved 1187840K
  class space    used 19450K, capacity 21609K, committed 21720K, reserved 1048576K
}
Event: 9405.407 GC heap before
{Heap before GC invocations=191 (full 0):
 garbage-first heap   total 288768K, used 255600K [0x0000000080000000, 0x0000000100000000)
  region size 1024K, 14 young (14336K), 2 survivors (2048K)
 Metaspace       used 154102K, capacity 159988K, committed 160216K, reserved 1187840K
  class space    used 19472K, capacity 21642K, committed 21720K, reserved 1048576K
}
Event: 9405.413 GC heap after
{Heap after GC invocations=192 (full 0):
 garbage-first heap   total 288768K, used 245016K [0x0000000080000000, 0x0000000100000000)
  region size 1024K, 2 young (2048K), 2 survivors (2048K)
 Metaspace       used 154102K, capacity 159988K, committed 160216K, reserved 1187840K
  class space    used 19472K, capacity 21642K, committed 21720K, reserved 1048576K
}
Event: 9405.894 GC heap before
{Heap before GC invocations=192 (full 0):
 garbage-first heap   total 288768K, used 257304K [0x0000000080000000, 0x0000000100000000)
  region size 1024K, 14 young (14336K), 2 survivors (2048K)
 Metaspace       used 154243K, capacity 160127K, committed 160216K, reserved 1187840K
  class space    used 19481K, capacity 21645K, committed 21720K, reserved 1048576K
}
Event: 9405.898 GC heap after
{Heap after GC invocations=193 (full 0):
 garbage-first heap   total 288768K, used 245829K [0x0000000080000000, 0x0000000100000000)
  region size 1024K, 2 young (2048K), 2 survivors (2048K)
 Metaspace       used 154243K, capacity 160127K, committed 160216K, reserved 1187840K
  class space    used 19481K, capacity 21645K, committed 21720K, reserved 1048576K
}

